{"/home/kevin.pulung/shopee/assignment-react/frontend-project/src/components/InputAmount.tsx": {"path":"/home/kevin.pulung/shopee/assignment-react/frontend-project/src/components/InputAmount.tsx","statementMap":{"0":{"start":{"line":7,"column":20},"end":{"line":14,"column":1}},"1":{"start":{"line":8,"column":4},"end":{"line":13,"column":null}},"2":{"start":{"line":11,"column":36},"end":{"line":11,"column":70}},"3":{"start":{"line":16,"column":0},"end":{"line":16,"column":null}}},"fnMap":{"0":{"name":"(anonymous_0)","decl":{"start":{"line":7,"column":20},"end":{"line":7,"column":21}},"loc":{"start":{"line":7,"column":63},"end":{"line":14,"column":1}}},"1":{"name":"(anonymous_1)","decl":{"start":{"line":11,"column":29},"end":{"line":11,"column":30}},"loc":{"start":{"line":11,"column":36},"end":{"line":11,"column":70}}}},"branchMap":{},"s":{"0":1,"1":6,"2":3,"3":1},"f":{"0":6,"1":3},"b":{}}
,"/home/kevin.pulung/shopee/assignment-react/frontend-project/src/components/Modal.tsx": {"path":"/home/kevin.pulung/shopee/assignment-react/frontend-project/src/components/Modal.tsx","statementMap":{"0":{"start":{"line":2,"column":0},"end":{"line":2,"column":41}},"1":{"start":{"line":4,"column":14},"end":{"line":47,"column":1}},"2":{"start":{"line":6,"column":4},"end":{"line":46,"column":null}},"3":{"start":{"line":39,"column":55},"end":{"line":39,"column":64}},"4":{"start":{"line":49,"column":0},"end":{"line":49,"column":null}}},"fnMap":{"0":{"name":"(anonymous_0)","decl":{"start":{"line":4,"column":14},"end":{"line":4,"column":15}},"loc":{"start":{"line":4,"column":51},"end":{"line":47,"column":1}}},"1":{"name":"(anonymous_1)","decl":{"start":{"line":39,"column":49},"end":{"line":39,"column":52}},"loc":{"start":{"line":39,"column":55},"end":{"line":39,"column":64}}}},"branchMap":{"0":{"loc":{"start":{"line":27,"column":37},"end":{"line":27,"column":118}},"type":"cond-expr","locations":[{"start":{"line":27,"column":71},"end":{"line":27,"column":101}},{"start":{"line":27,"column":104},"end":{"line":27,"column":118}}]},"1":{"loc":{"start":{"line":31,"column":37},"end":{"line":31,"column":100}},"type":"cond-expr","locations":[{"start":{"line":31,"column":66},"end":{"line":31,"column":83}},{"start":{"line":31,"column":86},"end":{"line":31,"column":100}}]}},"s":{"0":1,"1":1,"2":0,"3":0,"4":1},"f":{"0":0,"1":0},"b":{"0":[0,0],"1":[0,0]}}
,"/home/kevin.pulung/shopee/assignment-react/frontend-project/src/components/Navbar.tsx": {"path":"/home/kevin.pulung/shopee/assignment-react/frontend-project/src/components/Navbar.tsx","statementMap":{"0":{"start":{"line":1,"column":0},"end":{"line":1,"column":52}},"1":{"start":{"line":2,"column":0},"end":{"line":2,"column":48}},"2":{"start":{"line":3,"column":0},"end":{"line":3,"column":52}},"3":{"start":{"line":5,"column":15},"end":{"line":23,"column":1}},"4":{"start":{"line":7,"column":22},"end":{"line":7,"column":36}},"5":{"start":{"line":9,"column":4},"end":{"line":22,"column":null}},"6":{"start":{"line":25,"column":18},"end":{"line":34,"column":1}},"7":{"start":{"line":26,"column":4},"end":{"line":33,"column":null}},"8":{"start":{"line":36,"column":16},"end":{"line":56,"column":1}},"9":{"start":{"line":38,"column":25},"end":{"line":38,"column":39}},"10":{"start":{"line":39,"column":28},"end":{"line":39,"column":46}},"11":{"start":{"line":40,"column":21},"end":{"line":40,"column":34}},"12":{"start":{"line":42,"column":26},"end":{"line":45,"column":5}},"13":{"start":{"line":43,"column":8},"end":{"line":43,"column":null}},"14":{"start":{"line":44,"column":8},"end":{"line":44,"column":null}},"15":{"start":{"line":47,"column":4},"end":{"line":55,"column":null}},"16":{"start":{"line":58,"column":0},"end":{"line":58,"column":null}}},"fnMap":{"0":{"name":"(anonymous_0)","decl":{"start":{"line":5,"column":15},"end":{"line":5,"column":18}},"loc":{"start":{"line":5,"column":20},"end":{"line":23,"column":1}}},"1":{"name":"(anonymous_1)","decl":{"start":{"line":25,"column":18},"end":{"line":25,"column":21}},"loc":{"start":{"line":25,"column":23},"end":{"line":34,"column":1}}},"2":{"name":"(anonymous_2)","decl":{"start":{"line":36,"column":16},"end":{"line":36,"column":19}},"loc":{"start":{"line":36,"column":21},"end":{"line":56,"column":1}}},"3":{"name":"(anonymous_3)","decl":{"start":{"line":42,"column":26},"end":{"line":42,"column":29}},"loc":{"start":{"line":42,"column":31},"end":{"line":45,"column":5}}}},"branchMap":{"0":{"loc":{"start":{"line":15,"column":70},"end":{"line":15,"column":93}},"type":"binary-expr","locations":[{"start":{"line":15,"column":70},"end":{"line":15,"column":82}},{"start":{"line":15,"column":86},"end":{"line":15,"column":93}}]},"1":{"loc":{"start":{"line":17,"column":24},"end":{"line":17,"column":66}},"type":"cond-expr","locations":[{"start":{"line":17,"column":39},"end":{"line":17,"column":50}},{"start":{"line":17,"column":53},"end":{"line":17,"column":66}}]},"2":{"loc":{"start":{"line":29,"column":61},"end":{"line":29,"column":106}},"type":"binary-expr","locations":[{"start":{"line":29,"column":61},"end":{"line":29,"column":91}},{"start":{"line":29,"column":95},"end":{"line":29,"column":106}}]},"3":{"loc":{"start":{"line":30,"column":64},"end":{"line":30,"column":112}},"type":"binary-expr","locations":[{"start":{"line":30,"column":64},"end":{"line":30,"column":97}},{"start":{"line":30,"column":101},"end":{"line":30,"column":112}}]},"4":{"loc":{"start":{"line":49,"column":60},"end":{"line":49,"column":100}},"type":"binary-expr","locations":[{"start":{"line":49,"column":60},"end":{"line":49,"column":85}},{"start":{"line":49,"column":89},"end":{"line":49,"column":100}}]},"5":{"loc":{"start":{"line":50,"column":68},"end":{"line":50,"column":116}},"type":"binary-expr","locations":[{"start":{"line":50,"column":68},"end":{"line":50,"column":101}},{"start":{"line":50,"column":105},"end":{"line":50,"column":116}}]},"6":{"loc":{"start":{"line":51,"column":65},"end":{"line":51,"column":110}},"type":"binary-expr","locations":[{"start":{"line":51,"column":65},"end":{"line":51,"column":95}},{"start":{"line":51,"column":99},"end":{"line":51,"column":110}}]},"7":{"loc":{"start":{"line":52,"column":65},"end":{"line":52,"column":110}},"type":"binary-expr","locations":[{"start":{"line":52,"column":65},"end":{"line":52,"column":95}},{"start":{"line":52,"column":99},"end":{"line":52,"column":110}}]},"8":{"loc":{"start":{"line":53,"column":65},"end":{"line":53,"column":110}},"type":"binary-expr","locations":[{"start":{"line":53,"column":65},"end":{"line":53,"column":95}},{"start":{"line":53,"column":99},"end":{"line":53,"column":110}}]}},"s":{"0":1,"1":1,"2":1,"3":1,"4":1,"5":1,"6":1,"7":1,"8":1,"9":0,"10":0,"11":0,"12":0,"13":0,"14":0,"15":0,"16":1},"f":{"0":1,"1":1,"2":0,"3":0},"b":{"0":[1,1],"1":[0,1],"2":[1,0],"3":[1,0],"4":[0,0],"5":[0,0],"6":[0,0],"7":[0,0],"8":[0,0]}}
,"/home/kevin.pulung/shopee/assignment-react/frontend-project/src/pages/Transfer.tsx": {"path":"/home/kevin.pulung/shopee/assignment-react/frontend-project/src/pages/Transfer.tsx","statementMap":{"0":{"start":{"line":1,"column":0},"end":{"line":1,"column":44}},"1":{"start":{"line":2,"column":0},"end":{"line":2,"column":41}},"2":{"start":{"line":3,"column":0},"end":{"line":3,"column":52}},"3":{"start":{"line":5,"column":0},"end":{"line":5,"column":40}},"4":{"start":{"line":6,"column":0},"end":{"line":6,"column":26}},"5":{"start":{"line":7,"column":0},"end":{"line":7,"column":49}},"6":{"start":{"line":8,"column":0},"end":{"line":8,"column":49}},"7":{"start":{"line":10,"column":0},"end":{"line":10,"column":52}},"8":{"start":{"line":14,"column":17},"end":{"line":88,"column":1}},"9":{"start":{"line":15,"column":38},"end":{"line":15,"column":56}},"10":{"start":{"line":16,"column":22},"end":{"line":16,"column":36}},"11":{"start":{"line":17,"column":32},"end":{"line":17,"column":61}},"12":{"start":{"line":18,"column":42},"end":{"line":18,"column":54}},"13":{"start":{"line":19,"column":24},"end":{"line":19,"column":53}},"14":{"start":{"line":21,"column":36},"end":{"line":24,"column":6}},"15":{"start":{"line":26,"column":4},"end":{"line":28,"column":null}},"16":{"start":{"line":27,"column":8},"end":{"line":27,"column":null}},"17":{"start":{"line":31,"column":28},"end":{"line":53,"column":5}},"18":{"start":{"line":32,"column":8},"end":{"line":32,"column":null}},"19":{"start":{"line":34,"column":34},"end":{"line":38,"column":null}},"20":{"start":{"line":40,"column":8},"end":{"line":52,"column":null}},"21":{"start":{"line":41,"column":29},"end":{"line":45,"column":14}},"22":{"start":{"line":46,"column":12},"end":{"line":46,"column":null}},"23":{"start":{"line":47,"column":12},"end":{"line":47,"column":null}},"24":{"start":{"line":49,"column":12},"end":{"line":51,"column":null}},"25":{"start":{"line":50,"column":16},"end":{"line":50,"column":null}},"26":{"start":{"line":55,"column":4},"end":{"line":87,"column":null}},"27":{"start":{"line":59,"column":16},"end":{"line":59,"column":null}},"28":{"start":{"line":60,"column":16},"end":{"line":60,"column":null}},"29":{"start":{"line":61,"column":16},"end":{"line":61,"column":null}},"30":{"start":{"line":62,"column":16},"end":{"line":62,"column":null}},"31":{"start":{"line":68,"column":105},"end":{"line":68,"column":123}},"32":{"start":{"line":75,"column":52},"end":{"line":75,"column":83}},"33":{"start":{"line":77,"column":72},"end":{"line":77,"column":87}},"34":{"start":{"line":80,"column":52},"end":{"line":80,"column":82}},"35":{"start":{"line":90,"column":0},"end":{"line":90,"column":null}}},"fnMap":{"0":{"name":"(anonymous_7)","decl":{"start":{"line":14,"column":17},"end":{"line":14,"column":20}},"loc":{"start":{"line":14,"column":22},"end":{"line":88,"column":1}}},"1":{"name":"(anonymous_8)","decl":{"start":{"line":26,"column":14},"end":{"line":26,"column":17}},"loc":{"start":{"line":26,"column":19},"end":{"line":28,"column":5}}},"2":{"name":"(anonymous_9)","decl":{"start":{"line":31,"column":28},"end":{"line":31,"column":33}},"loc":{"start":{"line":31,"column":74},"end":{"line":53,"column":5}}},"3":{"name":"(anonymous_10)","decl":{"start":{"line":58,"column":65},"end":{"line":58,"column":68}},"loc":{"start":{"line":58,"column":70},"end":{"line":63,"column":13}}},"4":{"name":"(anonymous_11)","decl":{"start":{"line":68,"column":98},"end":{"line":68,"column":99}},"loc":{"start":{"line":68,"column":105},"end":{"line":68,"column":123}}},"5":{"name":"(anonymous_12)","decl":{"start":{"line":75,"column":45},"end":{"line":75,"column":46}},"loc":{"start":{"line":75,"column":52},"end":{"line":75,"column":83}}},"6":{"name":"(anonymous_13)","decl":{"start":{"line":77,"column":62},"end":{"line":77,"column":63}},"loc":{"start":{"line":77,"column":72},"end":{"line":77,"column":87}}},"7":{"name":"(anonymous_14)","decl":{"start":{"line":80,"column":45},"end":{"line":80,"column":46}},"loc":{"start":{"line":80,"column":52},"end":{"line":80,"column":82}}}},"branchMap":{"0":{"loc":{"start":{"line":49,"column":12},"end":{"line":51,"column":null}},"type":"if","locations":[{"start":{"line":49,"column":12},"end":{"line":51,"column":null}}]},"1":{"loc":{"start":{"line":58,"column":13},"end":{"line":63,"column":56}},"type":"binary-expr","locations":[{"start":{"line":58,"column":13},"end":{"line":58,"column":28}},{"start":{"line":58,"column":32},"end":{"line":63,"column":56}}]}},"s":{"0":1,"1":1,"2":1,"3":1,"4":1,"5":1,"6":1,"7":1,"8":1,"9":1,"10":1,"11":1,"12":1,"13":1,"14":1,"15":1,"16":1,"17":1,"18":0,"19":0,"20":0,"21":0,"22":0,"23":0,"24":0,"25":0,"26":1,"27":0,"28":0,"29":0,"30":0,"31":0,"32":0,"33":0,"34":0,"35":1},"f":{"0":1,"1":1,"2":0,"3":0,"4":0,"5":0,"6":0,"7":0},"b":{"0":[0],"1":[1,0]}}
,"/home/kevin.pulung/shopee/assignment-react/frontend-project/src/store/userAuth.ts": {"path":"/home/kevin.pulung/shopee/assignment-react/frontend-project/src/store/userAuth.ts","statementMap":{"0":{"start":{"line":1,"column":0},"end":{"line":1,"column":32}},"1":{"start":{"line":2,"column":0},"end":{"line":2,"column":44}},"2":{"start":{"line":9,"column":13},"end":{"line":16,"column":null}},"3":{"start":{"line":10,"column":34},"end":{"line":13,"column":6}},"4":{"start":{"line":12,"column":28},"end":{"line":12,"column":56}},"5":{"start":{"line":12,"column":39},"end":{"line":12,"column":54}}},"fnMap":{"0":{"name":"(anonymous_0)","decl":{"start":{"line":10,"column":24},"end":{"line":10,"column":25}},"loc":{"start":{"line":10,"column":34},"end":{"line":13,"column":6}}},"1":{"name":"(anonymous_1)","decl":{"start":{"line":12,"column":18},"end":{"line":12,"column":19}},"loc":{"start":{"line":12,"column":28},"end":{"line":12,"column":56}}},"2":{"name":"(anonymous_2)","decl":{"start":{"line":12,"column":32},"end":{"line":12,"column":35}},"loc":{"start":{"line":12,"column":39},"end":{"line":12,"column":54}}}},"branchMap":{},"s":{"0":1,"1":1,"2":1,"3":1,"4":0,"5":0},"f":{"0":1,"1":0,"2":0},"b":{}}
,"/home/kevin.pulung/shopee/assignment-react/frontend-project/src/store/userData.ts": {"path":"/home/kevin.pulung/shopee/assignment-react/frontend-project/src/store/userData.ts","statementMap":{"0":{"start":{"line":2,"column":0},"end":{"line":2,"column":32}},"1":{"start":{"line":4,"column":0},"end":{"line":4,"column":44}},"2":{"start":{"line":12,"column":13},"end":{"line":21,"column":null}},"3":{"start":{"line":14,"column":8},"end":{"line":17,"column":null}},"4":{"start":{"line":16,"column":35},"end":{"line":16,"column":66}},"5":{"start":{"line":16,"column":46},"end":{"line":16,"column":64}}},"fnMap":{"0":{"name":"(anonymous_0)","decl":{"start":{"line":13,"column":28},"end":{"line":13,"column":29}},"loc":{"start":{"line":14,"column":8},"end":{"line":17,"column":null}}},"1":{"name":"(anonymous_1)","decl":{"start":{"line":16,"column":25},"end":{"line":16,"column":26}},"loc":{"start":{"line":16,"column":35},"end":{"line":16,"column":66}}},"2":{"name":"(anonymous_2)","decl":{"start":{"line":16,"column":39},"end":{"line":16,"column":42}},"loc":{"start":{"line":16,"column":46},"end":{"line":16,"column":64}}}},"branchMap":{},"s":{"0":1,"1":1,"2":1,"3":1,"4":0,"5":0},"f":{"0":1,"1":0,"2":0},"b":{}}
,"/home/kevin.pulung/shopee/assignment-react/frontend-project/src/utils/index.ts": {"path":"/home/kevin.pulung/shopee/assignment-react/frontend-project/src/utils/index.ts","statementMap":{"0":{"start":{"line":1,"column":0},"end":{"line":1,"column":28}},"1":{"start":{"line":3,"column":30},"end":{"line":5,"column":1}},"2":{"start":{"line":4,"column":4},"end":{"line":4,"column":81}},"3":{"start":{"line":3,"column":13},"end":{"line":3,"column":30}},"4":{"start":{"line":7,"column":34},"end":{"line":16,"column":1}},"5":{"start":{"line":8,"column":15},"end":{"line":8,"column":57}},"6":{"start":{"line":9,"column":4},"end":{"line":15,"column":null}},"7":{"start":{"line":10,"column":8},"end":{"line":10,"column":null}},"8":{"start":{"line":11,"column":11},"end":{"line":15,"column":null}},"9":{"start":{"line":12,"column":8},"end":{"line":12,"column":null}},"10":{"start":{"line":14,"column":8},"end":{"line":14,"column":null}},"11":{"start":{"line":7,"column":13},"end":{"line":7,"column":34}}},"fnMap":{"0":{"name":"(anonymous_1)","decl":{"start":{"line":3,"column":30},"end":{"line":3,"column":31}},"loc":{"start":{"line":3,"column":69},"end":{"line":5,"column":1}}},"1":{"name":"(anonymous_2)","decl":{"start":{"line":7,"column":34},"end":{"line":7,"column":37}},"loc":{"start":{"line":7,"column":39},"end":{"line":16,"column":1}}}},"branchMap":{"0":{"loc":{"start":{"line":9,"column":4},"end":{"line":15,"column":null}},"type":"if","locations":[{"start":{"line":9,"column":4},"end":{"line":15,"column":null}},{"start":{"line":11,"column":11},"end":{"line":15,"column":null}}]},"1":{"loc":{"start":{"line":9,"column":8},"end":{"line":9,"column":31}},"type":"binary-expr","locations":[{"start":{"line":9,"column":8},"end":{"line":9,"column":17}},{"start":{"line":9,"column":21},"end":{"line":9,"column":31}}]},"2":{"loc":{"start":{"line":11,"column":11},"end":{"line":15,"column":null}},"type":"if","locations":[{"start":{"line":11,"column":11},"end":{"line":15,"column":null}},{"start":{"line":13,"column":11},"end":{"line":15,"column":null}}]},"3":{"loc":{"start":{"line":11,"column":15},"end":{"line":11,"column":39}},"type":"binary-expr","locations":[{"start":{"line":11,"column":15},"end":{"line":11,"column":25}},{"start":{"line":11,"column":29},"end":{"line":11,"column":39}}]}},"s":{"0":1,"1":1,"2":0,"3":1,"4":1,"5":0,"6":0,"7":0,"8":0,"9":0,"10":0,"11":1},"f":{"0":0,"1":0},"b":{"0":[0,0],"1":[0,0],"2":[0,0],"3":[0,0]}}
}
